# JRE version: OpenJDK Runtime Environment Temurin-17.0.2+8 (17.0.2+8) (build 17.0.2+8)
# Java VM: OpenJDK 64-Bit Server VM Temurin-17.0.2+8 (17.0.2+8, mixed mode, sharing, tiered, compressed oops, compressed class ptrs, g1 gc, windows-amd64)
GC Precious Log:
 CPUs: 4 total, 4 available
 Memory: 7935M
 Large Page Support: Disabled
 NUMA Support: Disabled
 Compressed Oops: Enabled (32-bit)
 Heap Region Size: 1M
 Heap Min Capacity: 8M
 Heap Initial Capacity: 124M
 Heap Max Capacity: 1984M
 Pre-touch: Disabled
 Parallel Workers: 4
 Concurrent Workers: 1
 Concurrent Refinement Workers: 4
 Periodic GC: Disabled
Heap:
 garbage-first heap   total 62464K, used 37468K [0x0000000084000000, 0x0000000100000000)
  region size 1024K, 18 young (18432K), 0 survivors (0K)
 Metaspace       used 52291K, committed 52928K, reserved 1097728K
  class space    used 6343K, committed 6592K, reserved 1048576K
GC Heap History (20 events):
Event: 884.927 GC heap before
{Heap before GC invocations=22 (full 3):
 garbage-first heap   total 62464K, used 43344K [0x0000000084000000, 0x0000000100000000)
  region size 1024K, 22 young (22528K), 0 survivors (0K)
 Metaspace       used 50958K, committed 51456K, reserved 1097728K
  class space    used 6261K, committed 6464K, reserved 1048576K
}
Event: 884.932 GC heap after
{Heap after GC invocations=23 (full 3):
 garbage-first heap   total 62464K, used 23129K [0x0000000084000000, 0x0000000100000000)
  region size 1024K, 3 young (3072K), 3 survivors (3072K)
 Metaspace       used 50958K, committed 51456K, reserved 1097728K
  class space    used 6261K, committed 6464K, reserved 1048576K
}
Event: 890.977 GC heap before
{Heap before GC invocations=23 (full 3):
 garbage-first heap   total 62464K, used 43609K [0x0000000084000000, 0x0000000100000000)
  region size 1024K, 24 young (24576K), 3 survivors (3072K)
 Metaspace       used 51058K, committed 51584K, reserved 1097728K
  class space    used 6264K, committed 6528K, reserved 1048576K
}
Event: 890.984 GC heap after
{Heap after GC invocations=24 (full 3):
 garbage-first heap   total 62464K, used 23936K [0x0000000084000000, 0x0000000100000000)
  region size 1024K, 2 young (2048K), 2 survivors (2048K)
 Metaspace       used 51058K, committed 51584K, reserved 1097728K
  class space    used 6264K, committed 6528K, reserved 1048576K
}
Event: 947.425 GC heap before
{Heap before GC invocations=24 (full 3):
 garbage-first heap   total 62464K, used 44416K [0x0000000084000000, 0x0000000100000000)
  region size 1024K, 23 young (23552K), 2 survivors (2048K)
 Metaspace       used 51336K, committed 51968K, reserved 1097728K
  class space    used 6264K, committed 6528K, reserved 1048576K
}
Event: 947.431 GC heap after
{Heap after GC invocations=25 (full 3):
 garbage-first heap   total 62464K, used 25833K [0x0000000084000000, 0x0000000100000000)
  region size 1024K, 3 young (3072K), 3 survivors (3072K)
 Metaspace       used 51336K, committed 51968K, reserved 1097728K
  class space    used 6264K, committed 6528K, reserved 1048576K
}
Event: 1004.558 GC heap before
{Heap before GC invocations=25 (full 3):
 garbage-first heap   total 62464K, used 29929K [0x0000000084000000, 0x0000000100000000)
  region size 1024K, 8 young (8192K), 3 survivors (3072K)
 Metaspace       used 51351K, committed 51968K, reserved 1097728K
  class space    used 6264K, committed 6528K, reserved 1048576K
}
Event: 1004.609 GC heap after
{Heap after GC invocations=26 (full 4):
 garbage-first heap   total 62464K, used 20926K [0x0000000084000000, 0x0000000100000000)
  region size 1024K, 0 young (0K), 0 survivors (0K)
 Metaspace       used 51348K, committed 51968K, reserved 1097728K
  class space    used 6264K, committed 6528K, reserved 1048576K
}
Event: 1005.094 GC heap before
{Heap before GC invocations=26 (full 4):
 garbage-first heap   total 62464K, used 42430K [0x0000000084000000, 0x0000000100000000)
  region size 1024K, 22 young (22528K), 0 survivors (0K)
 Metaspace       used 51409K, committed 52032K, reserved 1097728K
  class space    used 6266K, committed 6528K, reserved 1048576K
}
Event: 1005.097 GC heap after
{Heap after GC invocations=27 (full 4):
 garbage-first heap   total 62464K, used 23358K [0x0000000084000000, 0x0000000100000000)
  region size 1024K, 3 young (3072K), 3 survivors (3072K)
 Metaspace       used 51409K, committed 52032K, reserved 1097728K
  class space    used 6266K, committed 6528K, reserved 1048576K
}
Event: 1022.314 GC heap before
{Heap before GC invocations=27 (full 4):
 garbage-first heap   total 62464K, used 44862K [0x0000000084000000, 0x0000000100000000)
  region size 1024K, 24 young (24576K), 3 survivors (3072K)
 Metaspace       used 51484K, committed 52096K, reserved 1097728K
  class space    used 6268K, committed 6528K, reserved 1048576K
}
Event: 1022.329 GC heap after
{Heap after GC invocations=28 (full 4):
 garbage-first heap   total 62464K, used 23817K [0x0000000084000000, 0x0000000100000000)
  region size 1024K, 2 young (2048K), 2 survivors (2048K)
 Metaspace       used 51484K, committed 52096K, reserved 1097728K
  class space    used 6268K, committed 6528K, reserved 1048576K
}
Event: 1113.336 GC heap before
{Heap before GC invocations=28 (full 4):
 garbage-first heap   total 62464K, used 44297K [0x0000000084000000, 0x0000000100000000)
  region size 1024K, 23 young (23552K), 2 survivors (2048K)
 Metaspace       used 52192K, committed 52800K, reserved 1097728K
  class space    used 6339K, committed 6592K, reserved 1048576K
}
Event: 1113.340 GC heap after
{Heap after GC invocations=29 (full 4):
 garbage-first heap   total 62464K, used 25832K [0x0000000084000000, 0x0000000100000000)
  region size 1024K, 3 young (3072K), 3 survivors (3072K)
 Metaspace       used 52192K, committed 52800K, reserved 1097728K
  class space    used 6339K, committed 6592K, reserved 1048576K
}
Event: 1417.679 GC heap before
{Heap before GC invocations=29 (full 4):
 garbage-first heap   total 62464K, used 46312K [0x0000000084000000, 0x0000000100000000)
  region size 1024K, 23 young (23552K), 3 survivors (3072K)
 Metaspace       used 52214K, committed 52800K, reserved 1097728K
  class space    used 6339K, committed 6592K, reserved 1048576K
}
Event: 1417.684 GC heap after
{Heap after GC invocations=30 (full 4):
 garbage-first heap   total 62464K, used 26236K [0x0000000084000000, 0x0000000100000000)
  region size 1024K, 1 young (1024K), 1 survivors (1024K)
 Metaspace       used 52214K, committed 52800K, reserved 1097728K
  class space    used 6339K, committed 6592K, reserved 1048576K
}
Event: 1754.414 GC heap before
{Heap before GC invocations=30 (full 4):
 garbage-first heap   total 62464K, used 46716K [0x0000000084000000, 0x0000000100000000)
  region size 1024K, 21 young (21504K), 1 survivors (1024K)
 Metaspace       used 52214K, committed 52800K, reserved 1097728K
  class space    used 6339K, committed 6592K, reserved 1048576K
}
Event: 1754.416 GC heap after
{Heap after GC invocations=31 (full 4):
 garbage-first heap   total 62464K, used 25857K [0x0000000084000000, 0x0000000100000000)
  region size 1024K, 1 young (1024K), 1 survivors (1024K)
 Metaspace       used 52214K, committed 52800K, reserved 1097728K
  class space    used 6339K, committed 6592K, reserved 1048576K
}
Event: 1881.331 GC heap before
{Heap before GC invocations=31 (full 4):
 garbage-first heap   total 62464K, used 34049K [0x0000000084000000, 0x0000000100000000)
  region size 1024K, 10 young (10240K), 1 survivors (1024K)
 Metaspace       used 52226K, committed 52864K, reserved 1097728K
  class space    used 6339K, committed 6592K, reserved 1048576K
}
Event: 1881.384 GC heap after
{Heap after GC invocations=32 (full 5):
 garbage-first heap   total 62464K, used 21084K [0x0000000084000000, 0x0000000100000000)
  region size 1024K, 0 young (0K), 0 survivors (0K)
 Metaspace       used 52223K, committed 52864K, reserved 1097728K
  class space    used 6339K, committed 6592K, reserved 1048576K
}

