# JRE version: OpenJDK Runtime Environment Temurin-17.0.2+8 (17.0.2+8) (build 17.0.2+8)
# Java VM: OpenJDK 64-Bit Server VM Temurin-17.0.2+8 (17.0.2+8, mixed mode, sharing, tiered, compressed oops, compressed class ptrs, g1 gc, windows-amd64)
GC Precious Log:
 CPUs: 4 total, 4 available
 Memory: 7935M
 Large Page Support: Disabled
 NUMA Support: Disabled
 Compressed Oops: Enabled (32-bit)
 Heap Region Size: 1M
 Heap Min Capacity: 8M
 Heap Initial Capacity: 124M
 Heap Max Capacity: 1984M
 Pre-touch: Disabled
 Parallel Workers: 4
 Concurrent Workers: 1
 Concurrent Refinement Workers: 4
 Periodic GC: Disabled
Heap:
 garbage-first heap   total 49152K, used 23853K [0x0000000084000000, 0x0000000100000000)
  region size 1024K, 5 young (5120K), 2 survivors (2048K)
 Metaspace       used 52233K, committed 52864K, reserved 1097728K
  class space    used 6351K, committed 6656K, reserved 1048576K
GC Heap History (20 events):
Event: 2568.401 GC heap before
{Heap before GC invocations=53 (full 2):
 garbage-first heap   total 49152K, used 40109K [0x0000000084000000, 0x0000000100000000)
  region size 1024K, 21 young (21504K), 1 survivors (1024K)
 Metaspace       used 51939K, committed 52800K, reserved 1097728K
  class space    used 6330K, committed 6656K, reserved 1048576K
}
Event: 2568.403 GC heap after
{Heap after GC invocations=54 (full 2):
 garbage-first heap   total 49152K, used 19660K [0x0000000084000000, 0x0000000100000000)
  region size 1024K, 1 young (1024K), 1 survivors (1024K)
 Metaspace       used 51939K, committed 52800K, reserved 1097728K
  class space    used 6330K, committed 6656K, reserved 1048576K
}
Event: 2675.349 GC heap before
{Heap before GC invocations=54 (full 2):
 garbage-first heap   total 49152K, used 40140K [0x0000000084000000, 0x0000000100000000)
  region size 1024K, 21 young (21504K), 1 survivors (1024K)
 Metaspace       used 51939K, committed 52800K, reserved 1097728K
  class space    used 6330K, committed 6656K, reserved 1048576K
}
Event: 2675.351 GC heap after
{Heap after GC invocations=55 (full 2):
 garbage-first heap   total 49152K, used 19625K [0x0000000084000000, 0x0000000100000000)
  region size 1024K, 1 young (1024K), 1 survivors (1024K)
 Metaspace       used 51939K, committed 52800K, reserved 1097728K
  class space    used 6330K, committed 6656K, reserved 1048576K
}
Event: 2781.729 GC heap before
{Heap before GC invocations=55 (full 2):
 garbage-first heap   total 49152K, used 40105K [0x0000000084000000, 0x0000000100000000)
  region size 1024K, 21 young (21504K), 1 survivors (1024K)
 Metaspace       used 51939K, committed 52800K, reserved 1097728K
  class space    used 6330K, committed 6656K, reserved 1048576K
}
Event: 2781.731 GC heap after
{Heap after GC invocations=56 (full 2):
 garbage-first heap   total 49152K, used 19639K [0x0000000084000000, 0x0000000100000000)
  region size 1024K, 1 young (1024K), 1 survivors (1024K)
 Metaspace       used 51939K, committed 52800K, reserved 1097728K
  class space    used 6330K, committed 6656K, reserved 1048576K
}
Event: 2889.380 GC heap before
{Heap before GC invocations=56 (full 2):
 garbage-first heap   total 49152K, used 40119K [0x0000000084000000, 0x0000000100000000)
  region size 1024K, 21 young (21504K), 1 survivors (1024K)
 Metaspace       used 51939K, committed 52800K, reserved 1097728K
  class space    used 6330K, committed 6656K, reserved 1048576K
}
Event: 2889.381 GC heap after
{Heap after GC invocations=57 (full 2):
 garbage-first heap   total 49152K, used 19619K [0x0000000084000000, 0x0000000100000000)
  region size 1024K, 1 young (1024K), 1 survivors (1024K)
 Metaspace       used 51939K, committed 52800K, reserved 1097728K
  class space    used 6330K, committed 6656K, reserved 1048576K
}
Event: 2996.271 GC heap before
{Heap before GC invocations=57 (full 2):
 garbage-first heap   total 49152K, used 40099K [0x0000000084000000, 0x0000000100000000)
  region size 1024K, 21 young (21504K), 1 survivors (1024K)
 Metaspace       used 51939K, committed 52800K, reserved 1097728K
  class space    used 6330K, committed 6656K, reserved 1048576K
}
Event: 2996.272 GC heap after
{Heap after GC invocations=58 (full 2):
 garbage-first heap   total 49152K, used 19635K [0x0000000084000000, 0x0000000100000000)
  region size 1024K, 1 young (1024K), 1 survivors (1024K)
 Metaspace       used 51939K, committed 52800K, reserved 1097728K
  class space    used 6330K, committed 6656K, reserved 1048576K
}
Event: 3086.046 GC heap before
{Heap before GC invocations=58 (full 2):
 garbage-first heap   total 49152K, used 40115K [0x0000000084000000, 0x0000000100000000)
  region size 1024K, 21 young (21504K), 1 survivors (1024K)
 Metaspace       used 51964K, committed 52800K, reserved 1097728K
  class space    used 6330K, committed 6656K, reserved 1048576K
}
Event: 3086.048 GC heap after
{Heap after GC invocations=59 (full 2):
 garbage-first heap   total 49152K, used 20127K [0x0000000084000000, 0x0000000100000000)
  region size 1024K, 1 young (1024K), 1 survivors (1024K)
 Metaspace       used 51964K, committed 52800K, reserved 1097728K
  class space    used 6330K, committed 6656K, reserved 1048576K
}
Event: 3086.715 GC heap before
{Heap before GC invocations=59 (full 2):
 garbage-first heap   total 49152K, used 40607K [0x0000000084000000, 0x0000000100000000)
  region size 1024K, 21 young (21504K), 1 survivors (1024K)
 Metaspace       used 52087K, committed 52800K, reserved 1097728K
  class space    used 6342K, committed 6656K, reserved 1048576K
}
Event: 3086.719 GC heap after
{Heap after GC invocations=60 (full 2):
 garbage-first heap   total 49152K, used 21823K [0x0000000084000000, 0x0000000100000000)
  region size 1024K, 3 young (3072K), 3 survivors (3072K)
 Metaspace       used 52087K, committed 52800K, reserved 1097728K
  class space    used 6342K, committed 6656K, reserved 1048576K
}
Event: 3103.257 GC heap before
{Heap before GC invocations=60 (full 2):
 garbage-first heap   total 49152K, used 38207K [0x0000000084000000, 0x0000000100000000)
  region size 1024K, 19 young (19456K), 3 survivors (3072K)
 Metaspace       used 52164K, committed 52864K, reserved 1097728K
  class space    used 6344K, committed 6656K, reserved 1048576K
}
Event: 3103.259 GC heap after
{Heap after GC invocations=61 (full 2):
 garbage-first heap   total 49152K, used 20405K [0x0000000084000000, 0x0000000100000000)
  region size 1024K, 1 young (1024K), 1 survivors (1024K)
 Metaspace       used 52164K, committed 52864K, reserved 1097728K
  class space    used 6344K, committed 6656K, reserved 1048576K
}
Event: 3169.257 GC heap before
{Heap before GC invocations=61 (full 2):
 garbage-first heap   total 49152K, used 39861K [0x0000000084000000, 0x0000000100000000)
  region size 1024K, 20 young (20480K), 1 survivors (1024K)
 Metaspace       used 52164K, committed 52864K, reserved 1097728K
  class space    used 6344K, committed 6656K, reserved 1048576K
}
Event: 3169.264 GC heap after
{Heap after GC invocations=62 (full 2):
 garbage-first heap   total 49152K, used 20317K [0x0000000084000000, 0x0000000100000000)
  region size 1024K, 1 young (1024K), 1 survivors (1024K)
 Metaspace       used 52164K, committed 52864K, reserved 1097728K
  class space    used 6344K, committed 6656K, reserved 1048576K
}
Event: 3236.455 GC heap before
{Heap before GC invocations=62 (full 2):
 garbage-first heap   total 49152K, used 39773K [0x0000000084000000, 0x0000000100000000)
  region size 1024K, 20 young (20480K), 1 survivors (1024K)
 Metaspace       used 52164K, committed 52864K, reserved 1097728K
  class space    used 6344K, committed 6656K, reserved 1048576K
}
Event: 3236.456 GC heap after
{Heap after GC invocations=63 (full 2):
 garbage-first heap   total 49152K, used 20293K [0x0000000084000000, 0x0000000100000000)
  region size 1024K, 1 young (1024K), 1 survivors (1024K)
 Metaspace       used 52164K, committed 52864K, reserved 1097728K
  class space    used 6344K, committed 6656K, reserved 1048576K
}

